<?xml version="1.0" encoding="UTF-8"?>
<!-- Generated by org.testng.reporters.JUnitReportReporter -->
<testsuite hostname="DESKTOP-BU1NRCS" failures="0" tests="4" name="mainpackage.LoginTestClass" time="19.739" errors="0" timestamp="2025-06-30T11:51:49 IST" skipped="0">
  <testcase classname="mainpackage.LoginTestClass" name="invalidusername" time="3.625"/>
  <testcase classname="mainpackage.LoginTestClass" name="invalidcredentials" time="5.602"/>
  <testcase classname="mainpackage.LoginTestClass" name="invalidcredentials" time="7.829"/>
  <testcase classname="mainpackage.LoginTestClass" name="invalidcredentials" time="2.683"/>
</testsuite> <!-- mainpackage.LoginTestClass -->
