<?xml version="1.0" encoding="UTF-8"?>
<!-- Generated by org.testng.reporters.JUnitReportReporter -->
<testsuite hostname="DESKTOP-BU1NRCS" failures="0" tests="1" name="mainpackage.Base" time="0.023" errors="0" timestamp="2025-06-15T23:24:12 IST" skipped="0">
  <testcase classname="mainpackage.Base" name="f" time="0.023"/>
</testsuite> <!-- mainpackage.Base -->
