<?xml version="1.0" encoding="UTF-8"?>
<!-- Generated by org.testng.reporters.JUnitReportReporter -->
<testsuite hostname="DESKTOP-BU1NRCS" failures="0" tests="1" name="mainpackage.ManageFooterTextTest" time="7.151" errors="0" timestamp="2025-06-24T12:44:14 IST" skipped="0">
  <testcase classname="mainpackage.ManageFooterTextTest" name="validatefootertext" time="7.151"/>
</testsuite> <!-- mainpackage.ManageFooterTextTest -->
